# JRE version: OpenJDK Runtime Environment (8.0_212-b04) (build 1.8.0_212-release-1586-b04)
# Java VM: OpenJDK 64-Bit Server VM (25.212-b04 mixed mode windows-amd64 compressed oops)
Heap:
 PSYoungGen      total 273920K, used 123690K [0x00000000e0000000, 0x00000000f5100000, 0x0000000100000000)
  eden space 252928K, 40% used [0x00000000e0000000,0x00000000e644f968,0x00000000ef700000)
  from space 20992K, 99% used [0x00000000f3c80000,0x00000000f50fb168,0x00000000f5100000)
  to   space 25088K, 0% used [0x00000000f2000000,0x00000000f2000000,0x00000000f3880000)
 ParOldGen       total 90624K, used 53462K [0x00000000a0000000, 0x00000000a5880000, 0x00000000e0000000)
  object space 90624K, 58% used [0x00000000a0000000,0x00000000a3435a20,0x00000000a5880000)
 Metaspace       used 83846K, capacity 87914K, committed 88192K, reserved 1126400K
  class space    used 10770K, capacity 11644K, committed 11648K, reserved 1048576K
GC Heap History (10 events):
Event: 38.353 GC heap before
{Heap before GC invocations=15 (full 3):
 PSYoungGen      total 240128K, used 13399K [0x00000000e0000000, 0x00000000efd80000, 0x0000000100000000)
  eden space 222720K, 0% used [0x00000000e0000000,0x00000000e0000000,0x00000000ed980000)
  from space 17408K, 76% used [0x00000000eec80000,0x00000000ef995e10,0x00000000efd80000)
  to   space 18432K, 0% used [0x00000000ed980000,0x00000000ed980000,0x00000000eeb80000)
 ParOldGen       total 54272K, used 30391K [0x00000000a0000000, 0x00000000a3500000, 0x00000000e0000000)
  object space 54272K, 55% used [0x00000000a0000000,0x00000000a1daddc8,0x00000000a3500000)
 Metaspace       used 57195K, capacity 59040K, committed 59136K, reserved 1099776K
  class space    used 7697K, capacity 8157K, committed 8192K, reserved 1048576K
Event: 38.703 GC heap after
Heap after GC invocations=15 (full 3):
 PSYoungGen      total 240128K, used 0K [0x00000000e0000000, 0x00000000efd80000, 0x0000000100000000)
  eden space 222720K, 0% used [0x00000000e0000000,0x00000000e0000000,0x00000000ed980000)
  from space 17408K, 0% used [0x00000000eec80000,0x00000000eec80000,0x00000000efd80000)
  to   space 18432K, 0% used [0x00000000ed980000,0x00000000ed980000,0x00000000eeb80000)
 ParOldGen       total 90624K, used 36626K [0x00000000a0000000, 0x00000000a5880000, 0x00000000e0000000)
  object space 90624K, 40% used [0x00000000a0000000,0x00000000a23c4a98,0x00000000a5880000)
 Metaspace       used 57195K, capacity 59040K, committed 59136K, reserved 1099776K
  class space    used 7697K, capacity 8157K, committed 8192K, reserved 1048576K
}
Event: 48.372 GC heap before
{Heap before GC invocations=16 (full 3):
 PSYoungGen      total 240128K, used 222720K [0x00000000e0000000, 0x00000000efd80000, 0x0000000100000000)
  eden space 222720K, 100% used [0x00000000e0000000,0x00000000ed980000,0x00000000ed980000)
  from space 17408K, 0% used [0x00000000eec80000,0x00000000eec80000,0x00000000efd80000)
  to   space 18432K, 0% used [0x00000000ed980000,0x00000000ed980000,0x00000000eeb80000)
 ParOldGen       total 90624K, used 36626K [0x00000000a0000000, 0x00000000a5880000, 0x00000000e0000000)
  object space 90624K, 40% used [0x00000000a0000000,0x00000000a23c4a98,0x00000000a5880000)
 Metaspace       used 66526K, capacity 68972K, committed 69248K, reserved 1110016K
  class space    used 9053K, capacity 9561K, committed 9600K, reserved 1048576K
Event: 48.416 GC heap after
Heap after GC invocations=16 (full 3):
 PSYoungGen      total 241152K, used 18413K [0x00000000e0000000, 0x00000000f3380000, 0x0000000100000000)
  eden space 222720K, 0% used [0x00000000e0000000,0x00000000e0000000,0x00000000ed980000)
  from space 18432K, 99% used [0x00000000ed980000,0x00000000eeb7b6f0,0x00000000eeb80000)
  to   space 21504K, 0% used [0x00000000f1e80000,0x00000000f1e80000,0x00000000f3380000)
 ParOldGen       total 90624K, used 37378K [0x00000000a0000000, 0x00000000a5880000, 0x00000000e0000000)
  object space 90624K, 41% used [0x00000000a0000000,0x00000000a2480800,0x00000000a5880000)
 Metaspace       used 66526K, capacity 68972K, committed 69248K, reserved 1110016K
  class space    used 9053K, capacity 9561K, committed 9600K, reserved 1048576K
}
Event: 343.031 GC heap before
{Heap before GC invocations=17 (full 3):
 PSYoungGen      total 241152K, used 241133K [0x00000000e0000000, 0x00000000f3380000, 0x0000000100000000)
  eden space 222720K, 100% used [0x00000000e0000000,0x00000000ed980000,0x00000000ed980000)
  from space 18432K, 99% used [0x00000000ed980000,0x00000000eeb7b6f0,0x00000000eeb80000)
  to   space 21504K, 0% used [0x00000000f1e80000,0x00000000f1e80000,0x00000000f3380000)
 ParOldGen       total 90624K, used 37378K [0x00000000a0000000, 0x00000000a5880000, 0x00000000e0000000)
  object space 90624K, 41% used [0x00000000a0000000,0x00000000a2480800,0x00000000a5880000)
 Metaspace       used 76319K, capacity 79434K, committed 79616K, reserved 1118208K
  class space    used 9971K, capacity 10629K, committed 10752K, reserved 1048576K
Event: 343.130 GC heap after
Heap after GC invocations=17 (full 3):
 PSYoungGen      total 276992K, used 12686K [0x00000000e0000000, 0x00000000f2b80000, 0x0000000100000000)
  eden space 263680K, 0% used [0x00000000e0000000,0x00000000e0000000,0x00000000f0180000)
  from space 13312K, 95% used [0x00000000f1e80000,0x00000000f2ae38b0,0x00000000f2b80000)
  to   space 21504K, 0% used [0x00000000f0180000,0x00000000f0180000,0x00000000f1680000)
 ParOldGen       total 90624K, used 49978K [0x00000000a0000000, 0x00000000a5880000, 0x00000000e0000000)
  object space 90624K, 55% used [0x00000000a0000000,0x00000000a30ce880,0x00000000a5880000)
 Metaspace       used 76319K, capacity 79434K, committed 79616K, reserved 1118208K
  class space    used 9971K, capacity 10629K, committed 10752K, reserved 1048576K
}
Event: 566.065 GC heap before
{Heap before GC invocations=18 (full 3):
 PSYoungGen      total 276992K, used 276366K [0x00000000e0000000, 0x00000000f2b80000, 0x0000000100000000)
  eden space 263680K, 100% used [0x00000000e0000000,0x00000000f0180000,0x00000000f0180000)
  from space 13312K, 95% used [0x00000000f1e80000,0x00000000f2ae38b0,0x00000000f2b80000)
  to   space 21504K, 0% used [0x00000000f0180000,0x00000000f0180000,0x00000000f1680000)
 ParOldGen       total 90624K, used 49978K [0x00000000a0000000, 0x00000000a5880000, 0x00000000e0000000)
  object space 90624K, 55% used [0x00000000a0000000,0x00000000a30ce880,0x00000000a5880000)
 Metaspace       used 77118K, capacity 80460K, committed 80640K, reserved 1120256K
  class space    used 10022K, capacity 10732K, committed 10752K, reserved 1048576K
Event: 566.084 GC heap after
Heap after GC invocations=18 (full 3):
 PSYoungGen      total 285184K, used 7727K [0x00000000e0000000, 0x00000000f5100000, 0x0000000100000000)
  eden space 263680K, 0% used [0x00000000e0000000,0x00000000e0000000,0x00000000f0180000)
  from space 21504K, 35% used [0x00000000f0180000,0x00000000f090bf70,0x00000000f1680000)
  to   space 20992K, 0% used [0x00000000f3c80000,0x00000000f3c80000,0x00000000f5100000)
 ParOldGen       total 90624K, used 49986K [0x00000000a0000000, 0x00000000a5880000, 0x00000000e0000000)
  object space 90624K, 55% used [0x00000000a0000000,0x00000000a30d0880,0x00000000a5880000)
 Metaspace       used 77118K, capacity 80460K, committed 80640K, reserved 1120256K
  class space    used 10022K, capacity 10732K, committed 10752K, reserved 1048576K
}
Event: 2808.397 GC heap before
{Heap before GC invocations=19 (full 3):
 PSYoungGen      total 285184K, used 271407K [0x00000000e0000000, 0x00000000f5100000, 0x0000000100000000)
  eden space 263680K, 100% used [0x00000000e0000000,0x00000000f0180000,0x00000000f0180000)
  from space 21504K, 35% used [0x00000000f0180000,0x00000000f090bf70,0x00000000f1680000)
  to   space 20992K, 0% used [0x00000000f3c80000,0x00000000f3c80000,0x00000000f5100000)
 ParOldGen       total 90624K, used 49986K [0x00000000a0000000, 0x00000000a5880000, 0x00000000e0000000)
  object space 90624K, 55% used [0x00000000a0000000,0x00000000a30d0880,0x00000000a5880000)
 Metaspace       used 80249K, capacity 84018K, committed 84224K, reserved 1122304K
  class space    used 10402K, capacity 11242K, committed 11264K, reserved 1048576K
Event: 2808.524 GC heap after
Heap after GC invocations=19 (full 3):
 PSYoungGen      total 273920K, used 20972K [0x00000000e0000000, 0x00000000f5100000, 0x0000000100000000)
  eden space 252928K, 0% used [0x00000000e0000000,0x00000000e0000000,0x00000000ef700000)
  from space 20992K, 99% used [0x00000000f3c80000,0x00000000f50fb168,0x00000000f5100000)
  to   space 25088K, 0% used [0x00000000f2000000,0x00000000f2000000,0x00000000f3880000)
 ParOldGen       total 90624K, used 53462K [0x00000000a0000000, 0x00000000a5880000, 0x00000000e0000000)
  object space 90624K, 58% used [0x00000000a0000000,0x00000000a3435a20,0x00000000a5880000)
 Metaspace       used 80249K, capacity 84018K, committed 84224K, reserved 1122304K
  class space    used 10402K, capacity 11242K, committed 11264K, reserved 1048576K
}

