# JRE version: OpenJDK Runtime Environment (8.0_212-b04) (build 1.8.0_212-release-1586-b04)
# Java VM: OpenJDK 64-Bit Server VM (25.212-b04 mixed mode windows-amd64 compressed oops)
Heap:
 PSYoungGen      total 258560K, used 192629K [0x00000000e0000000, 0x00000000f3800000, 0x0000000100000000)
  eden space 221696K, 84% used [0x00000000e0000000,0x00000000eb5e3148,0x00000000ed880000)
  from space 36864K, 17% used [0x00000000f0000000,0x00000000f063a5a0,0x00000000f2400000)
  to   space 40448K, 0% used [0x00000000ed880000,0x00000000ed880000,0x00000000f0000000)
 ParOldGen       total 130560K, used 112781K [0x00000000a0000000, 0x00000000a7f80000, 0x00000000e0000000)
  object space 130560K, 86% used [0x00000000a0000000,0x00000000a6e23738,0x00000000a7f80000)
 Metaspace       used 99088K, capacity 105866K, committed 107008K, reserved 1142784K
  class space    used 12407K, capacity 13506K, committed 13824K, reserved 1048576K
GC Heap History (10 events):
Event: 9779.735 GC heap before
{Heap before GC invocations=81 (full 5):
 PSYoungGen      total 211456K, used 174056K [0x00000000e0000000, 0x00000000f1600000, 0x0000000100000000)
  eden space 165376K, 100% used [0x00000000e0000000,0x00000000ea180000,0x00000000ea180000)
  from space 46080K, 18% used [0x00000000ea180000,0x00000000ea9fa130,0x00000000ece80000)
  to   space 46080K, 0% used [0x00000000ee900000,0x00000000ee900000,0x00000000f1600000)
 ParOldGen       total 130560K, used 111397K [0x00000000a0000000, 0x00000000a7f80000, 0x00000000e0000000)
  object space 130560K, 85% used [0x00000000a0000000,0x00000000a6cc9570,0x00000000a7f80000)
 Metaspace       used 98670K, capacity 105382K, committed 106752K, reserved 1142784K
  class space    used 12392K, capacity 13480K, committed 13824K, reserved 1048576K
Event: 9779.832 GC heap after
Heap after GC invocations=81 (full 5):
 PSYoungGen      total 233472K, used 10021K [0x00000000e0000000, 0x00000000f1280000, 0x0000000100000000)
  eden space 190976K, 0% used [0x00000000e0000000,0x00000000e0000000,0x00000000eba80000)
  from space 42496K, 23% used [0x00000000ee900000,0x00000000ef2c9620,0x00000000f1280000)
  to   space 45056K, 0% used [0x00000000eba80000,0x00000000eba80000,0x00000000ee680000)
 ParOldGen       total 130560K, used 111557K [0x00000000a0000000, 0x00000000a7f80000, 0x00000000e0000000)
  object space 130560K, 85% used [0x00000000a0000000,0x00000000a6cf1570,0x00000000a7f80000)
 Metaspace       used 98670K, capacity 105382K, committed 106752K, reserved 1142784K
  class space    used 12392K, capacity 13480K, committed 13824K, reserved 1048576K
}
Event: 9919.376 GC heap before
{Heap before GC invocations=82 (full 5):
 PSYoungGen      total 233472K, used 200997K [0x00000000e0000000, 0x00000000f1280000, 0x0000000100000000)
  eden space 190976K, 100% used [0x00000000e0000000,0x00000000eba80000,0x00000000eba80000)
  from space 42496K, 23% used [0x00000000ee900000,0x00000000ef2c9620,0x00000000f1280000)
  to   space 45056K, 0% used [0x00000000eba80000,0x00000000eba80000,0x00000000ee680000)
 ParOldGen       total 130560K, used 111557K [0x00000000a0000000, 0x00000000a7f80000, 0x00000000e0000000)
  object space 130560K, 85% used [0x00000000a0000000,0x00000000a6cf1570,0x00000000a7f80000)
 Metaspace       used 98692K, capacity 105446K, committed 106752K, reserved 1142784K
  class space    used 12392K, capacity 13480K, committed 13824K, reserved 1048576K
Event: 9919.405 GC heap after
Heap after GC invocations=82 (full 5):
 PSYoungGen      total 236032K, used 10549K [0x00000000e0000000, 0x00000000f2b00000, 0x0000000100000000)
  eden space 190976K, 0% used [0x00000000e0000000,0x00000000e0000000,0x00000000eba80000)
  from space 45056K, 23% used [0x00000000eba80000,0x00000000ec4cd650,0x00000000ee680000)
  to   space 44032K, 0% used [0x00000000f0000000,0x00000000f0000000,0x00000000f2b00000)
 ParOldGen       total 130560K, used 111597K [0x00000000a0000000, 0x00000000a7f80000, 0x00000000e0000000)
  object space 130560K, 85% used [0x00000000a0000000,0x00000000a6cfb570,0x00000000a7f80000)
 Metaspace       used 98692K, capacity 105446K, committed 106752K, reserved 1142784K
  class space    used 12392K, capacity 13480K, committed 13824K, reserved 1048576K
}
Event: 9960.561 GC heap before
{Heap before GC invocations=83 (full 5):
 PSYoungGen      total 236032K, used 201525K [0x00000000e0000000, 0x00000000f2b00000, 0x0000000100000000)
  eden space 190976K, 100% used [0x00000000e0000000,0x00000000eba80000,0x00000000eba80000)
  from space 45056K, 23% used [0x00000000eba80000,0x00000000ec4cd650,0x00000000ee680000)
  to   space 44032K, 0% used [0x00000000f0000000,0x00000000f0000000,0x00000000f2b00000)
 ParOldGen       total 130560K, used 111597K [0x00000000a0000000, 0x00000000a7f80000, 0x00000000e0000000)
  object space 130560K, 85% used [0x00000000a0000000,0x00000000a6cfb570,0x00000000a7f80000)
 Metaspace       used 98745K, capacity 105462K, committed 106752K, reserved 1142784K
  class space    used 12393K, capacity 13482K, committed 13824K, reserved 1048576K
Event: 9960.652 GC heap after
Heap after GC invocations=83 (full 5):
 PSYoungGen      total 252928K, used 18179K [0x00000000e0000000, 0x00000000f2400000, 0x0000000100000000)
  eden space 216064K, 0% used [0x00000000e0000000,0x00000000e0000000,0x00000000ed300000)
  from space 36864K, 49% used [0x00000000f0000000,0x00000000f11c0f10,0x00000000f2400000)
  to   space 41472K, 0% used [0x00000000ed300000,0x00000000ed300000,0x00000000efb80000)
 ParOldGen       total 130560K, used 111760K [0x00000000a0000000, 0x00000000a7f80000, 0x00000000e0000000)
  object space 130560K, 85% used [0x00000000a0000000,0x00000000a6d24108,0x00000000a7f80000)
 Metaspace       used 98745K, capacity 105462K, committed 106752K, reserved 1142784K
  class space    used 12393K, capacity 13482K, committed 13824K, reserved 1048576K
}
Event: 10099.206 GC heap before
{Heap before GC invocations=84 (full 5):
 PSYoungGen      total 252928K, used 234243K [0x00000000e0000000, 0x00000000f2400000, 0x0000000100000000)
  eden space 216064K, 100% used [0x00000000e0000000,0x00000000ed300000,0x00000000ed300000)
  from space 36864K, 49% used [0x00000000f0000000,0x00000000f11c0f10,0x00000000f2400000)
  to   space 41472K, 0% used [0x00000000ed300000,0x00000000ed300000,0x00000000efb80000)
 ParOldGen       total 130560K, used 111760K [0x00000000a0000000, 0x00000000a7f80000, 0x00000000e0000000)
  object space 130560K, 85% used [0x00000000a0000000,0x00000000a6d24108,0x00000000a7f80000)
 Metaspace       used 98827K, capacity 105530K, committed 106752K, reserved 1142784K
  class space    used 12393K, capacity 13482K, committed 13824K, reserved 1048576K
Event: 10099.233 GC heap after
Heap after GC invocations=84 (full 5):
 PSYoungGen      total 257536K, used 8632K [0x00000000e0000000, 0x00000000f2400000, 0x0000000100000000)
  eden space 216064K, 0% used [0x00000000e0000000,0x00000000e0000000,0x00000000ed300000)
  from space 41472K, 20% used [0x00000000ed300000,0x00000000edb6e160,0x00000000efb80000)
  to   space 36864K, 0% used [0x00000000f0000000,0x00000000f0000000,0x00000000f2400000)
 ParOldGen       total 130560K, used 112685K [0x00000000a0000000, 0x00000000a7f80000, 0x00000000e0000000)
  object space 130560K, 86% used [0x00000000a0000000,0x00000000a6e0b728,0x00000000a7f80000)
 Metaspace       used 98827K, capacity 105530K, committed 106752K, reserved 1142784K
  class space    used 12393K, capacity 13482K, committed 13824K, reserved 1048576K
}
Event: 10133.737 GC heap before
{Heap before GC invocations=85 (full 5):
 PSYoungGen      total 257536K, used 224696K [0x00000000e0000000, 0x00000000f2400000, 0x0000000100000000)
  eden space 216064K, 100% used [0x00000000e0000000,0x00000000ed300000,0x00000000ed300000)
  from space 41472K, 20% used [0x00000000ed300000,0x00000000edb6e160,0x00000000efb80000)
  to   space 36864K, 0% used [0x00000000f0000000,0x00000000f0000000,0x00000000f2400000)
 ParOldGen       total 130560K, used 112685K [0x00000000a0000000, 0x00000000a7f80000, 0x00000000e0000000)
  object space 130560K, 86% used [0x00000000a0000000,0x00000000a6e0b728,0x00000000a7f80000)
 Metaspace       used 98883K, capacity 105684K, committed 107008K, reserved 1142784K
  class space    used 12397K, capacity 13487K, committed 13824K, reserved 1048576K
Event: 10133.760 GC heap after
Heap after GC invocations=85 (full 5):
 PSYoungGen      total 258560K, used 6377K [0x00000000e0000000, 0x00000000f3800000, 0x0000000100000000)
  eden space 221696K, 0% used [0x00000000e0000000,0x00000000e0000000,0x00000000ed880000)
  from space 36864K, 17% used [0x00000000f0000000,0x00000000f063a5a0,0x00000000f2400000)
  to   space 40448K, 0% used [0x00000000ed880000,0x00000000ed880000,0x00000000f0000000)
 ParOldGen       total 130560K, used 112781K [0x00000000a0000000, 0x00000000a7f80000, 0x00000000e0000000)
  object space 130560K, 86% used [0x00000000a0000000,0x00000000a6e23738,0x00000000a7f80000)
 Metaspace       used 98883K, capacity 105684K, committed 107008K, reserved 1142784K
  class space    used 12397K, capacity 13487K, committed 13824K, reserved 1048576K
}

